<?xml version="1.0" encoding="UTF-8"?>
<!-- Generated by org.testng.reporters.JUnitReportReporter -->
<testsuite hostname="SANTHOSH" failures="0" tests="1" name="runner.Runner" time="10.977" errors="0" timestamp="2025-01-04T16:07:36 IST" skipped="0">
  <testcase classname="runner.Runner" name="runScenario" time="10.977"/>
</testsuite> <!-- runner.Runner -->
